2023-02-23 12:41:12: INFO: horae_interface.py:98 * 139933254678272 search_pipeline user_id: 1, word: , ret: {'status': 0, 'msg': 'OK', 'pipes': []}[use_time:0.008520364761352539]
2023-02-23 12:41:12: INFO: horae_interface.py:122 * 139933237892864 get_project_tree_async user_id: 1, tree_id: 0, type: 0, ret: [][use_time:0.0012924671173095703]
2023-02-23 12:41:17: INFO: horae_interface.py:1230 * 139933246285568 get_proc_project_tree user_id: 1, type: -1, ret: [{'id': -1, 'text': '我创建的', 'is_project': 1, 'children': []}][use_time:0.0013611316680908203]
2023-02-23 12:41:20: INFO: horae_interface.py:711 * 139933254678272 get_project_tree_async user_id: 1, tree_id: -1, ret: [][use_time:0.053734540939331055]
2023-02-23 12:41:22: INFO: horae_interface.py:1254 * 139933246285568 get_shared_processor_tree_async user_id: 1, tree_id: -2, ret: [][use_time:0.4176523685455322]
2023-02-23 12:41:25: INFO: horae_interface.py:1279 * 139933237892864 get_standard_processor_tree_async user_id: 1, tree_id: -3, ret: [][use_time:1.248434066772461]
2023-02-23 12:41:35: INFO: horae_interface.py:891 * 139933691471616 get_all_user_info  ret: {"status": 0, "info": "OK", "users": [{"id": 1, "username": "admin"}]}[use_time:0.0010945796966552734]
2023-02-23 12:41:36: INFO: horae_interface.py:1230 * 139933237892864 get_proc_project_tree user_id: 1, type: -1, ret: [{'id': -1, 'text': '我创建的', 'is_project': 1, 'children': []}][use_time:0.0012621879577636719]
2023-02-23 12:52:00: INFO: horae_interface.py:98 * 139933212714752 search_pipeline user_id: 2, word: , ret: {'status': 0, 'msg': 'OK', 'pipes': []}[use_time:0.0014460086822509766]
2023-02-23 12:52:01: INFO: horae_interface.py:122 * 139933204322048 get_project_tree_async user_id: 2, tree_id: 0, type: 0, ret: [][use_time:0.0013153553009033203]
2023-02-23 12:52:05: INFO: horae_interface.py:1230 * 139933221107456 get_proc_project_tree user_id: 2, type: -1, ret: [{'id': -1, 'text': '我创建的', 'is_project': 1, 'children': []}][use_time:0.0012717247009277344]
2023-02-23 12:52:07: INFO: horae_interface.py:711 * 139932777572096 get_project_tree_async user_id: 2, tree_id: -1, ret: [][use_time:0.005770444869995117]
2023-02-23 12:52:08: INFO: horae_interface.py:1254 * 139932777572096 get_shared_processor_tree_async user_id: 2, tree_id: -2, ret: [][use_time:0.0016357898712158203]
2023-02-23 12:52:08: INFO: horae_interface.py:1279 * 139932769179392 get_standard_processor_tree_async user_id: 2, tree_id: -3, ret: [][use_time:0.004944324493408203]
2023-02-23 12:52:11: INFO: horae_interface.py:891 * 139932769179392 get_all_user_info  ret: {"status": 0, "info": "OK", "users": [{"id": 1, "username": "admin"}, {"id": 2, "username": "test"}]}[use_time:0.0011138916015625]
2023-02-23 12:52:11: INFO: horae_interface.py:1230 * 139932769179392 get_proc_project_tree user_id: 2, type: -1, ret: [{'id': -1, 'text': '我创建的', 'is_project': 1, 'children': []}][use_time:0.0013284683227539062]
2023-02-23 12:54:22: INFO: horae_interface.py:98 * 139933204322048 search_pipeline user_id: 2, word: , ret: {'status': 0, 'msg': 'OK', 'pipes': []}[use_time:0.0013377666473388672]
2023-02-23 12:54:23: INFO: horae_interface.py:122 * 139933212714752 get_project_tree_async user_id: 2, tree_id: 0, type: 0, ret: [][use_time:0.0012600421905517578]
2023-02-23 12:54:25: INFO: horae_interface.py:1230 * 139933212714752 get_proc_project_tree user_id: 2, type: -1, ret: [{'id': -1, 'text': '我创建的', 'is_project': 1, 'children': []}][use_time:0.002466917037963867]
2023-02-23 12:54:27: INFO: horae_interface.py:1254 * 139933221107456 get_shared_processor_tree_async user_id: 2, tree_id: -2, ret: [][use_time:0.002482175827026367]
2023-02-23 12:54:27: INFO: horae_interface.py:1279 * 139933221107456 get_standard_processor_tree_async user_id: 2, tree_id: -3, ret: [][use_time:0.004825115203857422]
2023-02-23 12:54:28: INFO: horae_interface.py:711 * 139933221107456 get_project_tree_async user_id: 2, tree_id: -1, ret: [][use_time:0.005452632904052734]
2023-02-23 12:54:30: INFO: horae_interface.py:98 * 139933212714752 search_pipeline user_id: 2, word: , ret: {'status': 0, 'msg': 'OK', 'pipes': []}[use_time:0.0013051033020019531]
2023-02-23 12:54:30: INFO: horae_interface.py:122 * 139932769179392 get_project_tree_async user_id: 2, tree_id: 0, type: 0, ret: [][use_time:0.001409769058227539]
2023-02-23 12:54:33: INFO: horae_interface.py:891 * 139933221107456 get_all_user_info  ret: {"status": 0, "info": "OK", "users": [{"id": 1, "username": "admin"}, {"id": 2, "username": "test"}]}[use_time:0.0011005401611328125]
